time="2023-04-16T12:08:07-05:00" level=info msg="PatrickWilsonSite server starting" application= function=main.server
time="2023-04-16T12:08:16-05:00" level=error msg="Read File" application= error="read C:/Users/wpwil/Documents/Projects/Web Dev/PatrickWilsonSite/server/logs/contactForm.json: Access is denied." function=contactForm.loadContacts
time="2023-04-16T12:08:16-05:00" level=error msg=Unmarshall application= error="unexpected end of JSON input" function=contactForm.loadContacts
time="2023-04-16T12:08:16-05:00" level=info msg="Saved contact form" application= function=contactForm.saveContact
time="2023-04-16T12:08:18-05:00" level=info msg="Email sent with subject: WPW Contact Form Test" application= function=setup.SendEmail
time="2023-04-16T12:08:43-05:00" level=info msg="PatrickWilsonSite server starting" application= function=main.server
time="2023-04-16T12:08:53-05:00" level=error msg="Read File" application= error="read C:/Users/wpwil/Documents/Projects/Web Dev/PatrickWilsonSite/server/logs/contactForm.json: Access is denied." function=contactForm.loadContacts
time="2023-04-16T12:08:53-05:00" level=error msg=Unmarshall application= error="unexpected end of JSON input" function=contactForm.loadContacts
time="2023-04-16T12:08:53-05:00" level=info msg="Saved contact form" application= function=contactForm.saveContact
time="2023-04-16T12:08:55-05:00" level=info msg="Email sent with subject: WPW Contact Form Test" application= function=setup.SendEmail
time="2023-04-16T12:16:14-05:00" level=info msg="PatrickWilsonSite server starting" application= function=main.server
time="2023-04-16T12:16:33-05:00" level=error msg="Read File" application= error="read C:/Users/wpwil/Documents/Projects/Web Dev/PatrickWilsonSite/server/logs/contactForm.json: Access is denied." function=contactForm.loadContacts
time="2023-04-16T12:16:33-05:00" level=error msg=Unmarshall application= error="unexpected end of JSON input" function=contactForm.loadContacts
time="2023-04-16T12:16:33-05:00" level=info msg="Saved contact form" application= function=contactForm.saveContact
time="2023-04-16T12:16:35-05:00" level=info msg="Email sent with subject: WPW Contact Form Test" application= function=setup.SendEmail
time="2023-04-16T12:16:57-05:00" level=error msg="Read File" application= error="read C:/Users/wpwil/Documents/Projects/Web Dev/PatrickWilsonSite/server/logs/contactForm.json: Access is denied." function=contactForm.loadContacts
time="2023-04-16T12:16:57-05:00" level=error msg=Unmarshall application= error="unexpected end of JSON input" function=contactForm.loadContacts
time="2023-04-16T12:16:57-05:00" level=info msg="Saved contact form" application= function=contactForm.saveContact
time="2023-04-16T12:16:59-05:00" level=info msg="Email sent with subject: WPW Contact Form Test" application= function=setup.SendEmail
time="2023-04-16T12:21:02-05:00" level=info msg="PatrickWilsonSite server starting" application= function=main.server
time="2023-04-16T12:21:11-05:00" level=error msg="Read File" application= error="read C:/Users/wpwil/Documents/Projects/Web Dev/PatrickWilsonSite/server/logs/contactForm.json: Access is denied." function=contactForm.loadContacts
time="2023-04-16T12:21:11-05:00" level=error msg=Unmarshall application= error="unexpected end of JSON input" function=contactForm.loadContacts
time="2023-04-16T12:21:11-05:00" level=info msg="Saved contact form" application= function=contactForm.saveContact
time="2023-04-16T12:21:13-05:00" level=info msg="Email sent with subject: WPW Contact Form Test" application= function=setup.SendEmail
time="2023-04-16T12:24:13-05:00" level=info msg="PatrickWilsonSite server starting" application= function=main.server
time="2023-04-16T12:24:22-05:00" level=error msg="Read File" application= error="read C:/Users/wpwil/Documents/Projects/Web Dev/PatrickWilsonSite/server/logs/contactForm.json: Access is denied." function=contactForm.loadContacts
time="2023-04-16T12:24:22-05:00" level=error msg=Unmarshall application= error="unexpected end of JSON input" function=contactForm.loadContacts
time="2023-04-16T12:24:22-05:00" level=info msg="Saved contact form" application= function=contactForm.saveContact
time="2023-04-16T12:24:23-05:00" level=info msg="Email sent with subject: WPW Contact Form Test" application= function=setup.SendEmail
time="2023-04-16T12:31:50-05:00" level=error msg="Read File" application= error="read C:/Users/wpwil/Documents/Projects/Web Dev/PatrickWilsonSite/server/logs/contactForm.json: Access is denied." function=contactForm.loadContacts
time="2023-04-16T12:31:50-05:00" level=error msg=Unmarshall application= error="unexpected end of JSON input" function=contactForm.loadContacts
time="2023-04-16T12:31:50-05:00" level=info msg="Saved contact form" application= function=contactForm.saveContact
time="2023-04-16T12:31:52-05:00" level=info msg="Email sent with subject: WPW Contact Form Test" application= function=setup.SendEmail
time="2023-04-16T12:35:37-05:00" level=info msg="PatrickWilsonSite server starting" application= function=main.server
time="2023-04-16T12:35:49-05:00" level=error msg="Read File" application= error="read C:/Users/wpwil/Documents/Projects/Web Dev/PatrickWilsonSite/server/logs/contactForm.json: Access is denied." function=contactForm.loadContacts
time="2023-04-16T12:35:49-05:00" level=error msg=Unmarshall application= error="unexpected end of JSON input" function=contactForm.loadContacts
time="2023-04-16T12:35:49-05:00" level=info msg="Saved contact form" application= function=contactForm.saveContact
time="2023-04-16T12:35:50-05:00" level=info msg="Email sent with subject: WPW Contact Form Test" application= function=setup.SendEmail
time="2023-04-16T12:37:56-05:00" level=info msg="PatrickWilsonSite server starting" application= function=main.server
time="2023-04-16T12:38:08-05:00" level=error msg="Read File" application= error="read C:/Users/wpwil/Documents/Projects/Web Dev/PatrickWilsonSite/server/logs/contactForm.json: Access is denied." function=contactForm.loadContacts
time="2023-04-16T12:38:08-05:00" level=error msg=Unmarshall application= error="unexpected end of JSON input" function=contactForm.loadContacts
time="2023-04-16T12:38:08-05:00" level=info msg="Saved contact form" application= function=contactForm.saveContact
time="2023-04-16T12:38:09-05:00" level=info msg="Email sent with subject: WPW Contact Form Test" application= function=setup.SendEmail
time="2023-04-16T12:46:22-05:00" level=info msg="PatrickWilsonSite server starting" application= function=main.server
time="2023-04-16T12:46:38-05:00" level=error msg="Read File" application= error="read C:/Users/wpwil/Documents/Projects/Web Dev/PatrickWilsonSite/server/logs/contactForm.json: Access is denied." function=contactForm.loadContacts
time="2023-04-16T12:46:38-05:00" level=error msg=Unmarshall application= error="unexpected end of JSON input" function=contactForm.loadContacts
time="2023-04-16T12:46:38-05:00" level=info msg="Saved contact form" application= function=contactForm.saveContact
time="2023-04-16T12:46:39-05:00" level=info msg="Email sent with subject: WPW Contact Form Test" application= function=setup.SendEmail
time="2023-04-16T13:13:34-05:00" level=info msg="PatrickWilsonSite server starting" application= function=main.server
time="2023-04-16T13:13:48-05:00" level=info msg="Saved contact form" application= function=contactForm.saveContact
time="2023-04-16T13:13:49-05:00" level=info msg="Email sent with subject: WPW Contact Form Test" application= function=setup.SendEmail
time="2023-04-16T13:18:13-05:00" level=info msg="PatrickWilsonSite server starting" application= function=main.server
time="2023-04-16T13:53:21-05:00" level=info msg="PatrickWilsonSite server starting" application= function=main.server
time="2023-04-16T13:53:33-05:00" level=error msg="Open client error file" application= error="open C:/Users/wpwil/Documents/Projects/Web Dev/PatrickWilsonSite/server/logs/clientError.json: The system cannot find the file specified." function=clientError.saveError
time="2023-04-16T13:53:33-05:00" level=error msg=Unmarshall application= error="unexpected end of JSON input" function=clientError.saveError
time="2023-04-16T13:53:33-05:00" level=warning msg="Saved client error" application= function=clientError.saveError
time="2023-04-16T13:54:43-05:00" level=warning msg="Saved client error" application= function=clientError.saveError
